# JRE version: Java(TM) SE Runtime Environment (8.0_20-b26) (build 1.8.0_20-b26)
# Java VM: Java HotSpot(TM) 64-Bit Server VM (25.20-b23 mixed mode windows-amd64 compressed oops)
Heap:
 PSYoungGen      total 322560K, used 9111K [0x00000000eab00000, 0x0000000100000000, 0x0000000100000000)
  eden space 305664K, 2% used [0x00000000eab00000,0x00000000eb3e5fc0,0x00000000fd580000)
  from space 16896K, 0% used [0x00000000fd580000,0x00000000fd580000,0x00000000fe600000)
  to   space 24064K, 0% used [0x00000000fe880000,0x00000000fe880000,0x0000000100000000)
 ParOldGen       total 53760K, used 37591K [0x00000000c0000000, 0x00000000c3480000, 0x00000000eab00000)
  object space 53760K, 69% used [0x00000000c0000000,0x00000000c24b5f40,0x00000000c3480000)
 Metaspace       used 51826K, capacity 53268K, committed 56488K, reserved 1099776K
  class space    used 6833K, capacity 7323K, committed 8360K, reserved 1048576K
GC Heap History (10 events):
Event: 21.365 GC heap before
{Heap before GC invocations=14 (full 3):
 PSYoungGen      total 322560K, used 16871K [0x00000000eab00000, 0x0000000100000000, 0x0000000100000000)
  eden space 305664K, 0% used [0x00000000eab00000,0x00000000eab00000,0x00000000fd580000)
  from space 16896K, 99% used [0x00000000fd580000,0x00000000fe5f9cf0,0x00000000fe600000)
  to   space 24064K, 0% used [0x00000000fe880000,0x00000000fe880000,0x0000000100000000)
 ParOldGen       total 53760K, used 34919K [0x00000000c0000000, 0x00000000c3480000, 0x00000000eab00000)
  object space 53760K, 64% used [0x00000000c0000000,0x00000000c2219d90,0x00000000c3480000)
 Metaspace       used 43760K, capacity 45672K, committed 45736K, reserved 1087488K
  class space    used 6057K, capacity 6765K, committed 6824K, reserved 1048576K
Event: 22.213 GC heap after
Heap after GC invocations=14 (full 3):
 PSYoungGen      total 322560K, used 0K [0x00000000eab00000, 0x0000000100000000, 0x0000000100000000)
  eden space 305664K, 0% used [0x00000000eab00000,0x00000000eab00000,0x00000000fd580000)
  from space 16896K, 0% used [0x00000000fd580000,0x00000000fd580000,0x00000000fe600000)
  to   space 24064K, 0% used [0x00000000fe880000,0x00000000fe880000,0x0000000100000000)
 ParOldGen       total 53760K, used 49729K [0x00000000c0000000, 0x00000000c3480000, 0x00000000eab00000)
  object space 53760K, 92% used [0x00000000c0000000,0x00000000c3090770,0x00000000c3480000)
 Metaspace       used 43760K, capacity 45672K, committed 45736K, reserved 1087488K
  class space    used 6057K, capacity 6765K, committed 6824K, reserved 1048576K
}
Event: 663.844 GC heap before
{Heap before GC invocations=15 (full 4):
 PSYoungGen      total 322560K, used 305664K [0x00000000eab00000, 0x0000000100000000, 0x0000000100000000)
  eden space 305664K, 100% used [0x00000000eab00000,0x00000000fd580000,0x00000000fd580000)
  from space 16896K, 0% used [0x00000000fd580000,0x00000000fd580000,0x00000000fe600000)
  to   space 24064K, 0% used [0x00000000fe880000,0x00000000fe880000,0x0000000100000000)
 ParOldGen       total 53760K, used 49729K [0x00000000c0000000, 0x00000000c3480000, 0x00000000eab00000)
  object space 53760K, 92% used [0x00000000c0000000,0x00000000c3090770,0x00000000c3480000)
 Metaspace       used 51754K, capacity 54286K, committed 54440K, reserved 1095680K
  class space    used 7128K, capacity 8001K, committed 8104K, reserved 1048576K
Event: 664.529 GC heap after
Heap after GC invocations=15 (full 4):
 PSYoungGen      total 322560K, used 8339K [0x00000000eab00000, 0x0000000100000000, 0x0000000100000000)
  eden space 305664K, 2% used [0x00000000eab00000,0x00000000eb324f30,0x00000000fd580000)
  from space 16896K, 0% used [0x00000000fd580000,0x00000000fd580000,0x00000000fe600000)
  to   space 24064K, 0% used [0x00000000fe880000,0x00000000fe880000,0x0000000100000000)
 ParOldGen       total 53760K, used 53448K [0x00000000c0000000, 0x00000000c3480000, 0x00000000eab00000)
  object space 53760K, 99% used [0x00000000c0000000,0x00000000c3432180,0x00000000c3480000)
 Metaspace       used 51754K, capacity 54286K, committed 54440K, reserved 1095680K
  class space    used 7128K, capacity 8001K, committed 8104K, reserved 1048576K
}
Event: 666.457 GC heap before
{Heap before GC invocations=16 (full 5):
 PSYoungGen      total 322560K, used 99478K [0x00000000eab00000, 0x0000000100000000, 0x0000000100000000)
  eden space 305664K, 32% used [0x00000000eab00000,0x00000000f0c25828,0x00000000fd580000)
  from space 16896K, 0% used [0x00000000fd580000,0x00000000fd580000,0x00000000fe600000)
  to   space 24064K, 0% used [0x00000000fe880000,0x00000000fe880000,0x0000000100000000)
 ParOldGen       total 53760K, used 53448K [0x00000000c0000000, 0x00000000c3480000, 0x00000000eab00000)
  object space 53760K, 99% used [0x00000000c0000000,0x00000000c3432180,0x00000000c3480000)
 Metaspace       used 53507K, capacity 56096K, committed 56360K, reserved 1097728K
  class space    used 7296K, capacity 8202K, committed 8232K, reserved 1048576K
Event: 666.883 GC heap after
Heap after GC invocations=16 (full 5):
 PSYoungGen      total 322560K, used 4636K [0x00000000eab00000, 0x0000000100000000, 0x0000000100000000)
  eden space 305664K, 1% used [0x00000000eab00000,0x00000000eaf87340,0x00000000fd580000)
  from space 16896K, 0% used [0x00000000fd580000,0x00000000fd580000,0x00000000fe600000)
  to   space 24064K, 0% used [0x00000000fe880000,0x00000000fe880000,0x0000000100000000)
 ParOldGen       total 53760K, used 53755K [0x00000000c0000000, 0x00000000c3480000, 0x00000000eab00000)
  object space 53760K, 99% used [0x00000000c0000000,0x00000000c347ec18,0x00000000c3480000)
 Metaspace       used 53406K, capacity 55924K, committed 56360K, reserved 1097728K
  class space    used 7280K, capacity 8162K, committed 8232K, reserved 1048576K
}
Event: 725.393 GC heap before
{Heap before GC invocations=17 (full 6):
 PSYoungGen      total 322560K, used 85429K [0x00000000eab00000, 0x0000000100000000, 0x0000000100000000)
  eden space 305664K, 27% used [0x00000000eab00000,0x00000000efe6d608,0x00000000fd580000)
  from space 16896K, 0% used [0x00000000fd580000,0x00000000fd580000,0x00000000fe600000)
  to   space 24064K, 0% used [0x00000000fe880000,0x00000000fe880000,0x0000000100000000)
 ParOldGen       total 53760K, used 53755K [0x00000000c0000000, 0x00000000c3480000, 0x00000000eab00000)
  object space 53760K, 99% used [0x00000000c0000000,0x00000000c347ec18,0x00000000c3480000)
 Metaspace       used 53714K, capacity 56336K, committed 56488K, reserved 1101824K
  class space    used 7314K, capacity 8235K, committed 8360K, reserved 1048576K
Event: 725.792 GC heap after
Heap after GC invocations=17 (full 6):
 PSYoungGen      total 322560K, used 3187K [0x00000000eab00000, 0x0000000100000000, 0x0000000100000000)
  eden space 305664K, 1% used [0x00000000eab00000,0x00000000eae1cd88,0x00000000fd580000)
  from space 16896K, 0% used [0x00000000fd580000,0x00000000fd580000,0x00000000fe600000)
  to   space 24064K, 0% used [0x00000000fe880000,0x00000000fe880000,0x0000000100000000)
 ParOldGen       total 53760K, used 53608K [0x00000000c0000000, 0x00000000c3480000, 0x00000000eab00000)
  object space 53760K, 99% used [0x00000000c0000000,0x00000000c345a188,0x00000000c3480000)
 Metaspace       used 53714K, capacity 56336K, committed 56488K, reserved 1099776K
  class space    used 7314K, capacity 8235K, committed 8360K, reserved 1048576K
}
Event: 725.792 GC heap before
{Heap before GC invocations=18 (full 7):
 PSYoungGen      total 322560K, used 3187K [0x00000000eab00000, 0x0000000100000000, 0x0000000100000000)
  eden space 305664K, 1% used [0x00000000eab00000,0x00000000eae1cd88,0x00000000fd580000)
  from space 16896K, 0% used [0x00000000fd580000,0x00000000fd580000,0x00000000fe600000)
  to   space 24064K, 0% used [0x00000000fe880000,0x00000000fe880000,0x0000000100000000)
 ParOldGen       total 53760K, used 53608K [0x00000000c0000000, 0x00000000c3480000, 0x00000000eab00000)
  object space 53760K, 99% used [0x00000000c0000000,0x00000000c345a188,0x00000000c3480000)
 Metaspace       used 53714K, capacity 56336K, committed 56488K, reserved 1103872K
  class space    used 7314K, capacity 8235K, committed 8360K, reserved 1048576K
Event: 726.160 GC heap after
Heap after GC invocations=18 (full 7):
 PSYoungGen      total 322560K, used 0K [0x00000000eab00000, 0x0000000100000000, 0x0000000100000000)
  eden space 305664K, 0% used [0x00000000eab00000,0x00000000eab00000,0x00000000fd580000)
  from space 16896K, 0% used [0x00000000fd580000,0x00000000fd580000,0x00000000fe600000)
  to   space 24064K, 0% used [0x00000000fe880000,0x00000000fe880000,0x0000000100000000)
 ParOldGen       total 53760K, used 37591K [0x00000000c0000000, 0x00000000c3480000, 0x00000000eab00000)
  object space 53760K, 69% used [0x00000000c0000000,0x00000000c24b5f40,0x00000000c3480000)
 Metaspace       used 51794K, capacity 53162K, committed 56488K, reserved 1099776K
  class space    used 6829K, capacity 7316K, committed 8360K, reserved 1048576K
}

