# JRE version: Java(TM) SE Runtime Environment (8.0_20-b26) (build 1.8.0_20-b26)
# Java VM: Java HotSpot(TM) 64-Bit Server VM (25.20-b23 mixed mode windows-amd64 compressed oops)
Heap:
 PSYoungGen      total 167424K, used 66573K [0x00000000eab00000, 0x00000000f9280000, 0x0000000100000000)
  eden space 153600K, 34% used [0x00000000eab00000,0x00000000ede8b430,0x00000000f4100000)
  from space 13824K, 99% used [0x00000000f4100000,0x00000000f4e78010,0x00000000f4e80000)
  to   space 16896K, 0% used [0x00000000f8200000,0x00000000f8200000,0x00000000f9280000)
 ParOldGen       total 58880K, used 26494K [0x00000000c0000000, 0x00000000c3980000, 0x00000000eab00000)
  object space 58880K, 44% used [0x00000000c0000000,0x00000000c19df9d8,0x00000000c3980000)
 Metaspace       used 40602K, capacity 41914K, committed 42112K, reserved 1085440K
  class space    used 5692K, capacity 6216K, committed 6272K, reserved 1048576K
GC Heap History (10 events):
Event: 5.787 GC heap before
{Heap before GC invocations=9 (full 1):
 PSYoungGen      total 71168K, used 62464K [0x00000000eab00000, 0x00000000f3500000, 0x0000000100000000)
  eden space 62464K, 100% used [0x00000000eab00000,0x00000000ee800000,0x00000000ee800000)
  from space 8704K, 0% used [0x00000000ee800000,0x00000000ee800000,0x00000000ef080000)
  to   space 8192K, 0% used [0x00000000f2d00000,0x00000000f2d00000,0x00000000f3500000)
 ParOldGen       total 35328K, used 10770K [0x00000000c0000000, 0x00000000c2280000, 0x00000000eab00000)
  object space 35328K, 30% used [0x00000000c0000000,0x00000000c0a84aa0,0x00000000c2280000)
 Metaspace       used 25727K, capacity 26246K, committed 26496K, reserved 1073152K
  class space    used 3475K, capacity 3662K, committed 3712K, reserved 1048576K
Event: 5.814 GC heap after
Heap after GC invocations=9 (full 1):
 PSYoungGen      total 115200K, used 6444K [0x00000000eab00000, 0x00000000f3380000, 0x0000000100000000)
  eden space 108544K, 0% used [0x00000000eab00000,0x00000000eab00000,0x00000000f1500000)
  from space 6656K, 96% used [0x00000000f2d00000,0x00000000f334b218,0x00000000f3380000)
  to   space 8192K, 0% used [0x00000000f2380000,0x00000000f2380000,0x00000000f2b80000)
 ParOldGen       total 35328K, used 10778K [0x00000000c0000000, 0x00000000c2280000, 0x00000000eab00000)
  object space 35328K, 30% used [0x00000000c0000000,0x00000000c0a86aa0,0x00000000c2280000)
 Metaspace       used 25727K, capacity 26246K, committed 26496K, reserved 1073152K
  class space    used 3475K, capacity 3662K, committed 3712K, reserved 1048576K
}
Event: 8.036 GC heap before
{Heap before GC invocations=10 (full 1):
 PSYoungGen      total 115200K, used 114988K [0x00000000eab00000, 0x00000000f3380000, 0x0000000100000000)
  eden space 108544K, 100% used [0x00000000eab00000,0x00000000f1500000,0x00000000f1500000)
  from space 6656K, 96% used [0x00000000f2d00000,0x00000000f334b218,0x00000000f3380000)
  to   space 8192K, 0% used [0x00000000f2380000,0x00000000f2380000,0x00000000f2b80000)
 ParOldGen       total 35328K, used 10778K [0x00000000c0000000, 0x00000000c2280000, 0x00000000eab00000)
  object space 35328K, 30% used [0x00000000c0000000,0x00000000c0a86aa0,0x00000000c2280000)
 Metaspace       used 32159K, capacity 32972K, committed 33152K, reserved 1077248K
  class space    used 4393K, capacity 4724K, committed 4736K, reserved 1048576K
Event: 8.107 GC heap after
Heap after GC invocations=10 (full 1):
 PSYoungGen      total 131584K, used 8180K [0x00000000eab00000, 0x00000000f5a80000, 0x0000000100000000)
  eden space 123392K, 0% used [0x00000000eab00000,0x00000000eab00000,0x00000000f2380000)
  from space 8192K, 99% used [0x00000000f2380000,0x00000000f2b7d040,0x00000000f2b80000)
  to   space 12288K, 0% used [0x00000000f4e80000,0x00000000f4e80000,0x00000000f5a80000)
 ParOldGen       total 35328K, used 17920K [0x00000000c0000000, 0x00000000c2280000, 0x00000000eab00000)
  object space 35328K, 50% used [0x00000000c0000000,0x00000000c11803b8,0x00000000c2280000)
 Metaspace       used 32159K, capacity 32972K, committed 33152K, reserved 1077248K
  class space    used 4393K, capacity 4724K, committed 4736K, reserved 1048576K
}
Event: 8.961 GC heap before
{Heap before GC invocations=11 (full 1):
 PSYoungGen      total 131584K, used 51140K [0x00000000eab00000, 0x00000000f5a80000, 0x0000000100000000)
  eden space 123392K, 34% used [0x00000000eab00000,0x00000000ed4f4050,0x00000000f2380000)
  from space 8192K, 99% used [0x00000000f2380000,0x00000000f2b7d040,0x00000000f2b80000)
  to   space 12288K, 0% used [0x00000000f4e80000,0x00000000f4e80000,0x00000000f5a80000)
 ParOldGen       total 35328K, used 17920K [0x00000000c0000000, 0x00000000c2280000, 0x00000000eab00000)
  object space 35328K, 50% used [0x00000000c0000000,0x00000000c11803b8,0x00000000c2280000)
 Metaspace       used 34620K, capacity 35466K, committed 35496K, reserved 1079296K
  class space    used 4770K, capacity 5106K, committed 5120K, reserved 1048576K
Event: 8.992 GC heap after
Heap after GC invocations=11 (full 1):
 PSYoungGen      total 165888K, used 11835K [0x00000000eab00000, 0x00000000f7080000, 0x0000000100000000)
  eden space 153600K, 0% used [0x00000000eab00000,0x00000000eab00000,0x00000000f4100000)
  from space 12288K, 96% used [0x00000000f4e80000,0x00000000f5a0ecb0,0x00000000f5a80000)
  to   space 13824K, 0% used [0x00000000f4100000,0x00000000f4100000,0x00000000f4e80000)
 ParOldGen       total 35328K, used 20373K [0x00000000c0000000, 0x00000000c2280000, 0x00000000eab00000)
  object space 35328K, 57% used [0x00000000c0000000,0x00000000c13e5408,0x00000000c2280000)
 Metaspace       used 34620K, capacity 35466K, committed 35496K, reserved 1079296K
  class space    used 4770K, capacity 5106K, committed 5120K, reserved 1048576K
}
Event: 8.992 GC heap before
{Heap before GC invocations=12 (full 2):
 PSYoungGen      total 165888K, used 11835K [0x00000000eab00000, 0x00000000f7080000, 0x0000000100000000)
  eden space 153600K, 0% used [0x00000000eab00000,0x00000000eab00000,0x00000000f4100000)
  from space 12288K, 96% used [0x00000000f4e80000,0x00000000f5a0ecb0,0x00000000f5a80000)
  to   space 13824K, 0% used [0x00000000f4100000,0x00000000f4100000,0x00000000f4e80000)
 ParOldGen       total 35328K, used 20373K [0x00000000c0000000, 0x00000000c2280000, 0x00000000eab00000)
  object space 35328K, 57% used [0x00000000c0000000,0x00000000c13e5408,0x00000000c2280000)
 Metaspace       used 34620K, capacity 35466K, committed 35496K, reserved 1079296K
  class space    used 4770K, capacity 5106K, committed 5120K, reserved 1048576K
Event: 9.210 GC heap after
Heap after GC invocations=12 (full 2):
 PSYoungGen      total 165888K, used 0K [0x00000000eab00000, 0x00000000f7080000, 0x0000000100000000)
  eden space 153600K, 0% used [0x00000000eab00000,0x00000000eab00000,0x00000000f4100000)
  from space 12288K, 0% used [0x00000000f4e80000,0x00000000f4e80000,0x00000000f5a80000)
  to   space 13824K, 0% used [0x00000000f4100000,0x00000000f4100000,0x00000000f4e80000)
 ParOldGen       total 58880K, used 23548K [0x00000000c0000000, 0x00000000c3980000, 0x00000000eab00000)
  object space 58880K, 39% used [0x00000000c0000000,0x00000000c16ff248,0x00000000c3980000)
 Metaspace       used 34620K, capacity 35466K, committed 35496K, reserved 1079296K
  class space    used 4770K, capacity 5106K, committed 5120K, reserved 1048576K
}
Event: 12.139 GC heap before
{Heap before GC invocations=13 (full 2):
 PSYoungGen      total 165888K, used 153600K [0x00000000eab00000, 0x00000000f7080000, 0x0000000100000000)
  eden space 153600K, 100% used [0x00000000eab00000,0x00000000f4100000,0x00000000f4100000)
  from space 12288K, 0% used [0x00000000f4e80000,0x00000000f4e80000,0x00000000f5a80000)
  to   space 13824K, 0% used [0x00000000f4100000,0x00000000f4100000,0x00000000f4e80000)
 ParOldGen       total 58880K, used 23548K [0x00000000c0000000, 0x00000000c3980000, 0x00000000eab00000)
  object space 58880K, 39% used [0x00000000c0000000,0x00000000c16ff248,0x00000000c3980000)
 Metaspace       used 39603K, capacity 40726K, committed 40832K, reserved 1083392K
  class space    used 5512K, capacity 5916K, committed 6016K, reserved 1048576K
Event: 12.193 GC heap after
Heap after GC invocations=13 (full 2):
 PSYoungGen      total 167424K, used 13792K [0x00000000eab00000, 0x00000000f9280000, 0x0000000100000000)
  eden space 153600K, 0% used [0x00000000eab00000,0x00000000eab00000,0x00000000f4100000)
  from space 13824K, 99% used [0x00000000f4100000,0x00000000f4e78010,0x00000000f4e80000)
  to   space 16896K, 0% used [0x00000000f8200000,0x00000000f8200000,0x00000000f9280000)
 ParOldGen       total 58880K, used 26494K [0x00000000c0000000, 0x00000000c3980000, 0x00000000eab00000)
  object space 58880K, 44% used [0x00000000c0000000,0x00000000c19df9d8,0x00000000c3980000)
 Metaspace       used 39603K, capacity 40726K, committed 40832K, reserved 1083392K
  class space    used 5512K, capacity 5916K, committed 6016K, reserved 1048576K
}

